23-11-2024 | 18:31:44 - DEBUG - Using proactor: IocpProactor
23-11-2024 | 18:32:34 - ERROR - BUG. No match stat : https://www.atptour.com/en/scores/stats-centre/archive/2023/9900/ms011
23-11-2024 | 18:33:06 - ERROR - BUG. No match stat : https://www.atptour.com/en/scores/stats-centre/archive/2023/9900/ms012
23-11-2024 | 18:33:27 - ERROR - Accept cookies button doesn't exist : Page.wait_for_selector: Timeout 20000ms exceeded.
Call log:
waiting for locator("//a[@class=\"atp_button atp_button--invert atp_button--continue\"]") to be visible

23-11-2024 | 18:33:57 - ERROR - BUG. No match stat : https://www.atptour.com/en/scores/stats-centre/archive/2023/9900/ms032
23-11-2024 | 18:34:18 - ERROR - Accept cookies button doesn't exist : Page.wait_for_selector: Timeout 20000ms exceeded.
Call log:
waiting for locator("//a[@class=\"atp_button atp_button--invert atp_button--continue\"]") to be visible

23-11-2024 | 18:34:48 - ERROR - BUG. No match stat : https://www.atptour.com/en/scores/stats-centre/archive/2023/9900/ms031
23-11-2024 | 18:35:09 - ERROR - Accept cookies button doesn't exist : Page.wait_for_selector: Timeout 20000ms exceeded.
Call log:
waiting for locator("//a[@class=\"atp_button atp_button--invert atp_button--continue\"]") to be visible

23-11-2024 | 18:35:39 - ERROR - BUG. No match stat : https://www.atptour.com/en/scores/stats-centre/archive/2023/9900/ms021
23-11-2024 | 18:36:00 - ERROR - Accept cookies button doesn't exist : Page.wait_for_selector: Timeout 20000ms exceeded.
Call log:
waiting for locator("//a[@class=\"atp_button atp_button--invert atp_button--continue\"]") to be visible

23-11-2024 | 18:36:30 - ERROR - BUG. No match stat : https://www.atptour.com/en/scores/stats-centre/archive/2023/9900/ms022
23-11-2024 | 18:36:51 - ERROR - Accept cookies button doesn't exist : Page.wait_for_selector: Timeout 20000ms exceeded.
Call log:
waiting for locator("//a[@class=\"atp_button atp_button--invert atp_button--continue\"]") to be visible

23-11-2024 | 18:37:21 - ERROR - BUG. No match stat : https://www.atptour.com/en/scores/stats-centre/archive/2023/9900/ms042
23-11-2024 | 18:37:41 - ERROR - Accept cookies button doesn't exist : Page.wait_for_selector: Timeout 20000ms exceeded.
Call log:
waiting for locator("//a[@class=\"atp_button atp_button--invert atp_button--continue\"]") to be visible

23-11-2024 | 18:38:11 - ERROR - BUG. No match stat : https://www.atptour.com/en/scores/stats-centre/archive/2023/9900/ms041
23-11-2024 | 18:38:21 - ERROR - BUG. No match stat : https://www.atptour.com/en/scores/stats-centre/archive/2023/9900/ms051
