23-11-2024 | 18:31:44 - DEBUG - Using proactor: IocpProactor
23-11-2024 | 18:32:32 - ERROR - BUG. No match stat : https://www.atptour.com/en/scores/stats-centre/archive/2022/8888/ms011
23-11-2024 | 18:33:05 - ERROR - BUG. No match stat : https://www.atptour.com/en/scores/stats-centre/archive/2022/8888/ms012
23-11-2024 | 18:33:26 - ERROR - Accept cookies button doesn't exist : Page.wait_for_selector: Timeout 20000ms exceeded.
Call log:
waiting for locator("//a[@class=\"atp_button atp_button--invert atp_button--continue\"]") to be visible

23-11-2024 | 18:33:56 - ERROR - BUG. No match stat : https://www.atptour.com/en/scores/stats-centre/archive/2022/8888/ms021
23-11-2024 | 18:34:17 - ERROR - Accept cookies button doesn't exist : Page.wait_for_selector: Timeout 20000ms exceeded.
Call log:
waiting for locator("//a[@class=\"atp_button atp_button--invert atp_button--continue\"]") to be visible

23-11-2024 | 18:34:47 - ERROR - BUG. No match stat : https://www.atptour.com/en/scores/stats-centre/archive/2022/8888/ms022
23-11-2024 | 18:35:08 - ERROR - Accept cookies button doesn't exist : Page.wait_for_selector: Timeout 20000ms exceeded.
Call log:
waiting for locator("//a[@class=\"atp_button atp_button--invert atp_button--continue\"]") to be visible

23-11-2024 | 18:35:38 - ERROR - BUG. No match stat : https://www.atptour.com/en/scores/stats-centre/archive/2022/8888/ms031
23-11-2024 | 18:35:59 - ERROR - Accept cookies button doesn't exist : Page.wait_for_selector: Timeout 20000ms exceeded.
Call log:
waiting for locator("//a[@class=\"atp_button atp_button--invert atp_button--continue\"]") to be visible

23-11-2024 | 18:36:29 - ERROR - BUG. No match stat : https://www.atptour.com/en/scores/stats-centre/archive/2022/8888/ms032
23-11-2024 | 18:36:50 - ERROR - Accept cookies button doesn't exist : Page.wait_for_selector: Timeout 20000ms exceeded.
Call log:
waiting for locator("//a[@class=\"atp_button atp_button--invert atp_button--continue\"]") to be visible

23-11-2024 | 18:37:20 - ERROR - BUG. No match stat : https://www.atptour.com/en/scores/stats-centre/archive/2022/8888/ms311
23-11-2024 | 18:37:40 - ERROR - Accept cookies button doesn't exist : Page.wait_for_selector: Timeout 20000ms exceeded.
Call log:
waiting for locator("//a[@class=\"atp_button atp_button--invert atp_button--continue\"]") to be visible

23-11-2024 | 18:38:10 - ERROR - BUG. No match stat : https://www.atptour.com/en/scores/stats-centre/archive/2022/8888/ms131
23-11-2024 | 18:38:21 - ERROR - BUG. No match stat : https://www.atptour.com/en/scores/stats-centre/archive/2022/8888/ms132
