30-11-2024 | 11:35:30 - DEBUG - Using proactor: IocpProactor
30-11-2024 | 13:02:18 - ERROR - BUG. No match stat (extract_match_stats) : https://www.atptour.com/en/scores/match-stats/archive/2019/506/ms028
30-11-2024 | 13:09:45 - ERROR - BUG. No match stat (extract_match_stats) : https://www.atptour.com/en/scores/match-stats/archive/2019/6932/qs015
30-11-2024 | 13:55:57 - ERROR - BUG. No match stat (extract_match_stats) : https://www.atptour.com/en/scores/match-stats/archive/2019/403/ms086
30-11-2024 | 19:33:01 - ERROR - BUG. No match stat (extract_match_stats) : https://www.atptour.com/en/scores/match-stats/archive/2020/301/ms013
30-11-2024 | 20:45:39 - ERROR - BUG. No match stat (extract_match_stats) : https://www.atptour.com/en/scores/match-stats/archive/2020/495/ms030
30-11-2024 | 20:46:17 - ERROR - BUG. No match stat (extract_match_stats) : https://www.atptour.com/en/scores/match-stats/archive/2020/495/ms025
30-11-2024 | 23:29:03 - ERROR - BUG. No match stat (extract_match_stats) : https://www.atptour.com/en/scores/match-stats/archive/2021/8888/ms011
30-11-2024 | 23:29:38 - ERROR - BUG. No match stat (extract_match_stats) : https://www.atptour.com/en/scores/match-stats/archive/2021/8888/ms012
30-11-2024 | 23:30:18 - ERROR - BUG. No match stat (extract_match_stats) : https://www.atptour.com/en/scores/match-stats/archive/2021/8888/ms031
30-11-2024 | 23:30:53 - ERROR - BUG. No match stat (extract_match_stats) : https://www.atptour.com/en/scores/match-stats/archive/2021/8888/ms032
30-11-2024 | 23:31:28 - ERROR - BUG. No match stat (extract_match_stats) : https://www.atptour.com/en/scores/match-stats/archive/2021/8888/ms021
30-11-2024 | 23:32:03 - ERROR - BUG. No match stat (extract_match_stats) : https://www.atptour.com/en/scores/match-stats/archive/2021/8888/ms022
01-12-2024 | 00:56:17 - ERROR - BUG. No match stat (extract_match_stats) : https://www.atptour.com/en/scores/match-stats/archive/2021/403/ms055
01-12-2024 | 02:19:53 - ERROR - BUG. No match stat (extract_match_stats) : https://www.atptour.com/en/scores/match-stats/archive/2021/520/ms022
01-12-2024 | 03:59:32 - ERROR - BUG. No match stat (extract_match_stats) : https://www.atptour.com/en/scores/match-stats/archive/2021/319/ms025
01-12-2024 | 04:21:17 - ERROR - BUG. No match stat (extract_match_stats) : https://www.atptour.com/en/scores/match-stats/archive/2021/6242/ms007
01-12-2024 | 05:24:59 - ERROR - BUG. No match stat (extract_match_stats) : https://www.atptour.com/en/scores/stats-centre/archive/2021/438/ms001
01-12-2024 | 05:25:33 - ERROR - BUG. No match stat (extract_match_stats) : https://www.atptour.com/en/scores/stats-centre/archive/2021/438/ms003
01-12-2024 | 05:26:10 - ERROR - BUG. No match stat (extract_match_stats) : https://www.atptour.com/en/scores/stats-centre/archive/2021/438/ms002
01-12-2024 | 05:26:48 - ERROR - BUG. No match stat (extract_match_stats) : https://www.atptour.com/en/scores/stats-centre/archive/2021/438/ms007
01-12-2024 | 05:27:28 - ERROR - BUG. No match stat (extract_match_stats) : https://www.atptour.com/en/scores/stats-centre/archive/2021/438/ms006
01-12-2024 | 05:28:02 - ERROR - BUG. No match stat (extract_match_stats) : https://www.atptour.com/en/scores/stats-centre/archive/2021/438/ms005
01-12-2024 | 05:28:42 - ERROR - BUG. No match stat (extract_match_stats) : https://www.atptour.com/en/scores/stats-centre/archive/2021/438/ms004
01-12-2024 | 05:29:19 - ERROR - BUG. No match stat (extract_match_stats) : https://www.atptour.com/en/scores/stats-centre/archive/2021/438/ms008
01-12-2024 | 05:29:53 - ERROR - BUG. No match stat (extract_match_stats) : https://www.atptour.com/en/scores/stats-centre/archive/2021/438/ms015
01-12-2024 | 05:30:27 - ERROR - BUG. No match stat (extract_match_stats) : https://www.atptour.com/en/scores/stats-centre/archive/2021/438/ms013
01-12-2024 | 05:31:02 - ERROR - BUG. No match stat (extract_match_stats) : https://www.atptour.com/en/scores/stats-centre/archive/2021/438/ms010
01-12-2024 | 05:31:34 - ERROR - BUG. No match stat (extract_match_stats) : https://www.atptour.com/en/scores/stats-centre/archive/2021/438/ms011
01-12-2024 | 05:32:08 - ERROR - BUG. No match stat (extract_match_stats) : https://www.atptour.com/en/scores/stats-centre/archive/2021/438/ms009
01-12-2024 | 05:32:41 - ERROR - BUG. No match stat (extract_match_stats) : https://www.atptour.com/en/scores/stats-centre/archive/2021/438/ms012
01-12-2024 | 05:33:20 - ERROR - BUG. No match stat (extract_match_stats) : https://www.atptour.com/en/scores/stats-centre/archive/2021/438/ms014
01-12-2024 | 05:33:56 - ERROR - BUG. No match stat (extract_match_stats) : https://www.atptour.com/en/scores/stats-centre/archive/2021/438/ms024
01-12-2024 | 05:34:31 - ERROR - BUG. No match stat (extract_match_stats) : https://www.atptour.com/en/scores/stats-centre/archive/2021/438/ms023
01-12-2024 | 05:35:07 - ERROR - BUG. No match stat (extract_match_stats) : https://www.atptour.com/en/scores/stats-centre/archive/2021/438/ms028
01-12-2024 | 05:35:43 - ERROR - BUG. No match stat (extract_match_stats) : https://www.atptour.com/en/scores/stats-centre/archive/2021/438/ms019
01-12-2024 | 05:36:18 - ERROR - BUG. No match stat (extract_match_stats) : https://www.atptour.com/en/scores/stats-centre/archive/2021/438/ms018
01-12-2024 | 05:36:54 - ERROR - BUG. No match stat (extract_match_stats) : https://www.atptour.com/en/scores/stats-centre/archive/2021/438/ms026
01-12-2024 | 05:37:29 - ERROR - BUG. No match stat (extract_match_stats) : https://www.atptour.com/en/scores/stats-centre/archive/2021/438/ms030
01-12-2024 | 05:38:05 - ERROR - BUG. No match stat (extract_match_stats) : https://www.atptour.com/en/scores/stats-centre/archive/2021/438/ms017
01-12-2024 | 05:38:40 - ERROR - BUG. No match stat (extract_match_stats) : https://www.atptour.com/en/scores/stats-centre/archive/2021/438/ms021
01-12-2024 | 05:39:20 - ERROR - BUG. No match stat (extract_match_stats) : https://www.atptour.com/en/scores/stats-centre/archive/2021/438/ms029
01-12-2024 | 05:39:53 - ERROR - BUG. No match stat (extract_match_stats) : https://www.atptour.com/en/scores/stats-centre/archive/2021/438/ms025
01-12-2024 | 05:40:29 - ERROR - BUG. No match stat (extract_match_stats) : https://www.atptour.com/en/scores/stats-centre/archive/2021/438/ms022
01-12-2024 | 05:41:07 - ERROR - BUG. No match stat (extract_match_stats) : https://www.atptour.com/en/scores/stats-centre/archive/2021/438/qs004
01-12-2024 | 05:41:41 - ERROR - BUG. No match stat (extract_match_stats) : https://www.atptour.com/en/scores/stats-centre/archive/2021/438/qs005
01-12-2024 | 05:42:14 - ERROR - BUG. No match stat (extract_match_stats) : https://www.atptour.com/en/scores/stats-centre/archive/2021/438/qs007
01-12-2024 | 05:42:49 - ERROR - BUG. No match stat (extract_match_stats) : https://www.atptour.com/en/scores/stats-centre/archive/2021/438/qs006
01-12-2024 | 05:43:28 - ERROR - BUG. No match stat (extract_match_stats) : https://www.atptour.com/en/scores/stats-centre/archive/2021/438/qs008
01-12-2024 | 05:44:04 - ERROR - BUG. No match stat (extract_match_stats) : https://www.atptour.com/en/scores/stats-centre/archive/2021/438/qs010
01-12-2024 | 05:44:39 - ERROR - BUG. No match stat (extract_match_stats) : https://www.atptour.com/en/scores/stats-centre/archive/2021/438/qs012
01-12-2024 | 05:45:15 - ERROR - BUG. No match stat (extract_match_stats) : https://www.atptour.com/en/scores/stats-centre/archive/2021/438/qs014
01-12-2024 | 05:46:06 - ERROR - BUG. No match stat (extract_match_stats) : https://www.atptour.com/en/scores/stats-centre/archive/2021/438/qs013
01-12-2024 | 05:46:45 - ERROR - BUG. No match stat (extract_match_stats) : https://www.atptour.com/en/scores/stats-centre/archive/2021/438/qs015
01-12-2024 | 05:47:18 - ERROR - BUG. No match stat (extract_match_stats) : https://www.atptour.com/en/scores/stats-centre/archive/2021/438/qs011
01-12-2024 | 05:48:08 - ERROR - BUG. No match stat (extract_match_stats) : https://www.atptour.com/en/scores/stats-centre/archive/2021/438/qs009
01-12-2024 | 05:48:56 - ERROR - BUG. No match stat (extract_match_stats) : https://www.atptour.com/en/scores/stats-centre/archive/2021/7485/ms001
01-12-2024 | 05:49:35 - ERROR - BUG. No match stat (extract_match_stats) : https://www.atptour.com/en/scores/stats-centre/archive/2021/7485/ms002
01-12-2024 | 05:50:10 - ERROR - BUG. No match stat (extract_match_stats) : https://www.atptour.com/en/scores/stats-centre/archive/2021/7485/ms003
01-12-2024 | 05:50:50 - ERROR - BUG. No match stat (extract_match_stats) : https://www.atptour.com/en/scores/stats-centre/archive/2021/7485/ms004
01-12-2024 | 05:51:28 - ERROR - BUG. No match stat (extract_match_stats) : https://www.atptour.com/en/scores/stats-centre/archive/2021/7485/ms007
01-12-2024 | 05:52:01 - ERROR - BUG. No match stat (extract_match_stats) : https://www.atptour.com/en/scores/stats-centre/archive/2021/7485/ms005
01-12-2024 | 05:52:40 - ERROR - BUG. No match stat (extract_match_stats) : https://www.atptour.com/en/scores/stats-centre/archive/2021/7485/ms006
01-12-2024 | 05:53:17 - ERROR - BUG. No match stat (extract_match_stats) : https://www.atptour.com/en/scores/stats-centre/archive/2021/7485/ms008
01-12-2024 | 05:53:50 - ERROR - BUG. No match stat (extract_match_stats) : https://www.atptour.com/en/scores/stats-centre/archive/2021/7485/ms015
01-12-2024 | 05:54:25 - ERROR - BUG. No match stat (extract_match_stats) : https://www.atptour.com/en/scores/stats-centre/archive/2021/7485/ms013
01-12-2024 | 05:55:07 - ERROR - BUG. No match stat (extract_match_stats) : https://www.atptour.com/en/scores/stats-centre/archive/2021/7485/ms010
01-12-2024 | 05:55:43 - ERROR - BUG. No match stat (extract_match_stats) : https://www.atptour.com/en/scores/stats-centre/archive/2021/7485/ms011
01-12-2024 | 05:56:16 - ERROR - BUG. No match stat (extract_match_stats) : https://www.atptour.com/en/scores/stats-centre/archive/2021/7485/ms009
01-12-2024 | 05:56:56 - ERROR - BUG. No match stat (extract_match_stats) : https://www.atptour.com/en/scores/stats-centre/archive/2021/7485/ms012
01-12-2024 | 05:57:31 - ERROR - BUG. No match stat (extract_match_stats) : https://www.atptour.com/en/scores/stats-centre/archive/2021/7485/ms014
01-12-2024 | 05:58:05 - ERROR - BUG. No match stat (extract_match_stats) : https://www.atptour.com/en/scores/stats-centre/archive/2021/7485/ms024
01-12-2024 | 05:58:47 - ERROR - BUG. No match stat (extract_match_stats) : https://www.atptour.com/en/scores/stats-centre/archive/2021/7485/ms028
01-12-2024 | 05:59:26 - ERROR - BUG. No match stat (extract_match_stats) : https://www.atptour.com/en/scores/stats-centre/archive/2021/7485/ms023
01-12-2024 | 06:00:01 - ERROR - BUG. No match stat (extract_match_stats) : https://www.atptour.com/en/scores/stats-centre/archive/2021/7485/ms019
01-12-2024 | 06:00:42 - ERROR - BUG. No match stat (extract_match_stats) : https://www.atptour.com/en/scores/stats-centre/archive/2021/7485/ms026
01-12-2024 | 06:01:14 - ERROR - BUG. No match stat (extract_match_stats) : https://www.atptour.com/en/scores/stats-centre/archive/2021/7485/ms021
01-12-2024 | 06:01:51 - ERROR - BUG. No match stat (extract_match_stats) : https://www.atptour.com/en/scores/stats-centre/archive/2021/7485/ms029
01-12-2024 | 06:02:29 - ERROR - BUG. No match stat (extract_match_stats) : https://www.atptour.com/en/scores/stats-centre/archive/2021/7485/ms030
01-12-2024 | 06:03:04 - ERROR - BUG. No match stat (extract_match_stats) : https://www.atptour.com/en/scores/stats-centre/archive/2021/7485/ms017
01-12-2024 | 06:03:41 - ERROR - BUG. No match stat (extract_match_stats) : https://www.atptour.com/en/scores/stats-centre/archive/2021/7485/ms018
01-12-2024 | 06:04:21 - ERROR - BUG. No match stat (extract_match_stats) : https://www.atptour.com/en/scores/stats-centre/archive/2021/7485/ms022
01-12-2024 | 06:05:10 - ERROR - BUG. No match stat (extract_match_stats) : https://www.atptour.com/en/scores/stats-centre/archive/2021/7485/ms025
01-12-2024 | 06:05:49 - ERROR - BUG. No match stat (extract_match_stats) : https://www.atptour.com/en/scores/stats-centre/archive/2021/7485/qs004
01-12-2024 | 06:06:22 - ERROR - BUG. No match stat (extract_match_stats) : https://www.atptour.com/en/scores/stats-centre/archive/2021/7485/qs005
01-12-2024 | 06:07:02 - ERROR - BUG. No match stat (extract_match_stats) : https://www.atptour.com/en/scores/stats-centre/archive/2021/7485/qs006
01-12-2024 | 06:07:41 - ERROR - BUG. No match stat (extract_match_stats) : https://www.atptour.com/en/scores/stats-centre/archive/2021/7485/qs007
01-12-2024 | 06:08:19 - ERROR - BUG. No match stat (extract_match_stats) : https://www.atptour.com/en/scores/stats-centre/archive/2021/7485/qs008
01-12-2024 | 06:08:58 - ERROR - BUG. No match stat (extract_match_stats) : https://www.atptour.com/en/scores/stats-centre/archive/2021/7485/qs010
01-12-2024 | 06:09:33 - ERROR - BUG. No match stat (extract_match_stats) : https://www.atptour.com/en/scores/stats-centre/archive/2021/7485/qs012
01-12-2024 | 06:10:07 - ERROR - BUG. No match stat (extract_match_stats) : https://www.atptour.com/en/scores/stats-centre/archive/2021/7485/qs014
01-12-2024 | 06:10:54 - ERROR - BUG. No match stat (extract_match_stats) : https://www.atptour.com/en/scores/stats-centre/archive/2021/7485/qs013
01-12-2024 | 06:11:30 - ERROR - BUG. No match stat (extract_match_stats) : https://www.atptour.com/en/scores/stats-centre/archive/2021/7485/qs011
01-12-2024 | 06:12:05 - ERROR - BUG. No match stat (extract_match_stats) : https://www.atptour.com/en/scores/stats-centre/archive/2021/7485/qs015
01-12-2024 | 06:12:37 - ERROR - BUG. No match stat (extract_match_stats) : https://www.atptour.com/en/scores/stats-centre/archive/2021/7485/qs009
01-12-2024 | 06:13:15 - ERROR - BUG. No match stat (extract_match_stats) : https://www.atptour.com/en/scores/stats-centre/archive/2021/337/ms001
01-12-2024 | 06:13:49 - ERROR - BUG. No match stat (extract_match_stats) : https://www.atptour.com/en/scores/stats-centre/archive/2021/337/ms003
01-12-2024 | 06:14:22 - ERROR - BUG. No match stat (extract_match_stats) : https://www.atptour.com/en/scores/stats-centre/archive/2021/337/ms002
01-12-2024 | 06:14:59 - ERROR - BUG. No match stat (extract_match_stats) : https://www.atptour.com/en/scores/stats-centre/archive/2021/337/ms007
01-12-2024 | 06:15:32 - ERROR - BUG. No match stat (extract_match_stats) : https://www.atptour.com/en/scores/stats-centre/archive/2021/337/ms006
01-12-2024 | 06:16:10 - ERROR - BUG. No match stat (extract_match_stats) : https://www.atptour.com/en/scores/stats-centre/archive/2021/337/ms005
01-12-2024 | 06:16:44 - ERROR - BUG. No match stat (extract_match_stats) : https://www.atptour.com/en/scores/stats-centre/archive/2021/337/ms004
01-12-2024 | 06:17:18 - ERROR - BUG. No match stat (extract_match_stats) : https://www.atptour.com/en/scores/stats-centre/archive/2021/337/ms008
01-12-2024 | 06:17:57 - ERROR - BUG. No match stat (extract_match_stats) : https://www.atptour.com/en/scores/stats-centre/archive/2021/337/ms015
01-12-2024 | 06:18:36 - ERROR - BUG. No match stat (extract_match_stats) : https://www.atptour.com/en/scores/stats-centre/archive/2021/337/ms013
01-12-2024 | 06:19:10 - ERROR - BUG. No match stat (extract_match_stats) : https://www.atptour.com/en/scores/stats-centre/archive/2021/337/ms010
01-12-2024 | 06:19:50 - ERROR - BUG. No match stat (extract_match_stats) : https://www.atptour.com/en/scores/stats-centre/archive/2021/337/ms014
01-12-2024 | 06:20:25 - ERROR - BUG. No match stat (extract_match_stats) : https://www.atptour.com/en/scores/stats-centre/archive/2021/337/ms011
01-12-2024 | 06:21:04 - ERROR - BUG. No match stat (extract_match_stats) : https://www.atptour.com/en/scores/stats-centre/archive/2021/337/ms009
01-12-2024 | 06:21:40 - ERROR - BUG. No match stat (extract_match_stats) : https://www.atptour.com/en/scores/stats-centre/archive/2021/337/ms012
01-12-2024 | 06:22:28 - ERROR - BUG. No match stat (extract_match_stats) : https://www.atptour.com/en/scores/stats-centre/archive/2021/337/ms016
01-12-2024 | 06:23:08 - ERROR - BUG. No match stat (extract_match_stats) : https://www.atptour.com/en/scores/stats-centre/archive/2021/337/ms031
01-12-2024 | 06:23:44 - ERROR - BUG. No match stat (extract_match_stats) : https://www.atptour.com/en/scores/stats-centre/archive/2021/337/ms027
01-12-2024 | 06:24:24 - ERROR - BUG. No match stat (extract_match_stats) : https://www.atptour.com/en/scores/stats-centre/archive/2021/337/ms020
01-12-2024 | 06:24:58 - ERROR - BUG. No match stat (extract_match_stats) : https://www.atptour.com/en/scores/stats-centre/archive/2021/337/ms024
01-12-2024 | 06:25:38 - ERROR - BUG. No match stat (extract_match_stats) : https://www.atptour.com/en/scores/stats-centre/archive/2021/337/ms028
01-12-2024 | 06:26:16 - ERROR - BUG. No match stat (extract_match_stats) : https://www.atptour.com/en/scores/stats-centre/archive/2021/337/ms023
01-12-2024 | 06:26:52 - ERROR - BUG. No match stat (extract_match_stats) : https://www.atptour.com/en/scores/stats-centre/archive/2021/337/ms019
01-12-2024 | 06:27:33 - ERROR - BUG. No match stat (extract_match_stats) : https://www.atptour.com/en/scores/stats-centre/archive/2021/337/ms025
01-12-2024 | 06:28:12 - ERROR - BUG. No match stat (extract_match_stats) : https://www.atptour.com/en/scores/stats-centre/archive/2021/337/ms026
01-12-2024 | 06:28:45 - ERROR - BUG. No match stat (extract_match_stats) : https://www.atptour.com/en/scores/stats-centre/archive/2021/337/ms030
01-12-2024 | 06:29:19 - ERROR - BUG. No match stat (extract_match_stats) : https://www.atptour.com/en/scores/stats-centre/archive/2021/337/ms018
01-12-2024 | 06:29:51 - ERROR - BUG. No match stat (extract_match_stats) : https://www.atptour.com/en/scores/stats-centre/archive/2021/337/ms029
01-12-2024 | 06:30:27 - ERROR - BUG. No match stat (extract_match_stats) : https://www.atptour.com/en/scores/stats-centre/archive/2021/337/ms022
01-12-2024 | 06:31:08 - ERROR - BUG. No match stat (extract_match_stats) : https://www.atptour.com/en/scores/stats-centre/archive/2021/337/ms021
01-12-2024 | 06:31:44 - ERROR - BUG. No match stat (extract_match_stats) : https://www.atptour.com/en/scores/stats-centre/archive/2021/337/ms017
01-12-2024 | 06:32:19 - ERROR - BUG. No match stat (extract_match_stats) : https://www.atptour.com/en/scores/stats-centre/archive/2021/337/qs004
01-12-2024 | 06:32:56 - ERROR - BUG. No match stat (extract_match_stats) : https://www.atptour.com/en/scores/stats-centre/archive/2021/337/qs006
01-12-2024 | 06:33:35 - ERROR - BUG. No match stat (extract_match_stats) : https://www.atptour.com/en/scores/stats-centre/archive/2021/337/qs007
01-12-2024 | 06:34:13 - ERROR - BUG. No match stat (extract_match_stats) : https://www.atptour.com/en/scores/stats-centre/archive/2021/337/qs005
01-12-2024 | 06:34:50 - ERROR - BUG. No match stat (extract_match_stats) : https://www.atptour.com/en/scores/stats-centre/archive/2021/337/qs008
01-12-2024 | 06:35:27 - ERROR - BUG. No match stat (extract_match_stats) : https://www.atptour.com/en/scores/stats-centre/archive/2021/337/qs010
01-12-2024 | 06:36:02 - ERROR - BUG. No match stat (extract_match_stats) : https://www.atptour.com/en/scores/stats-centre/archive/2021/337/qs012
01-12-2024 | 06:36:37 - ERROR - BUG. No match stat (extract_match_stats) : https://www.atptour.com/en/scores/stats-centre/archive/2021/337/qs014
01-12-2024 | 06:37:16 - ERROR - BUG. No match stat (extract_match_stats) : https://www.atptour.com/en/scores/stats-centre/archive/2021/337/qs015
01-12-2024 | 06:37:51 - ERROR - BUG. No match stat (extract_match_stats) : https://www.atptour.com/en/scores/stats-centre/archive/2021/337/qs011
01-12-2024 | 06:38:27 - ERROR - BUG. No match stat (extract_match_stats) : https://www.atptour.com/en/scores/stats-centre/archive/2021/337/qs013
01-12-2024 | 06:39:03 - ERROR - BUG. No match stat (extract_match_stats) : https://www.atptour.com/en/scores/stats-centre/archive/2021/337/qs009
01-12-2024 | 06:39:38 - ERROR - BUG. No match stat (extract_match_stats) : https://www.atptour.com/en/scores/stats-centre/archive/2021/568/ms001
01-12-2024 | 06:40:13 - ERROR - BUG. No match stat (extract_match_stats) : https://www.atptour.com/en/scores/stats-centre/archive/2021/568/ms003
01-12-2024 | 06:40:53 - ERROR - BUG. No match stat (extract_match_stats) : https://www.atptour.com/en/scores/stats-centre/archive/2021/568/ms002
01-12-2024 | 06:41:29 - ERROR - BUG. No match stat (extract_match_stats) : https://www.atptour.com/en/scores/stats-centre/archive/2021/568/ms004
01-12-2024 | 06:42:04 - ERROR - BUG. No match stat (extract_match_stats) : https://www.atptour.com/en/scores/stats-centre/archive/2021/568/ms007
01-12-2024 | 06:42:45 - ERROR - BUG. No match stat (extract_match_stats) : https://www.atptour.com/en/scores/stats-centre/archive/2021/568/ms005
01-12-2024 | 06:43:21 - ERROR - BUG. No match stat (extract_match_stats) : https://www.atptour.com/en/scores/stats-centre/archive/2021/568/ms006
01-12-2024 | 06:43:54 - ERROR - BUG. No match stat (extract_match_stats) : https://www.atptour.com/en/scores/stats-centre/archive/2021/568/ms008
01-12-2024 | 06:44:27 - ERROR - BUG. No match stat (extract_match_stats) : https://www.atptour.com/en/scores/stats-centre/archive/2021/568/ms015
01-12-2024 | 06:45:06 - ERROR - BUG. No match stat (extract_match_stats) : https://www.atptour.com/en/scores/stats-centre/archive/2021/568/ms010
01-12-2024 | 06:45:43 - ERROR - BUG. No match stat (extract_match_stats) : https://www.atptour.com/en/scores/stats-centre/archive/2021/568/ms013
01-12-2024 | 06:46:18 - ERROR - BUG. No match stat (extract_match_stats) : https://www.atptour.com/en/scores/stats-centre/archive/2021/568/ms012
01-12-2024 | 06:46:55 - ERROR - BUG. No match stat (extract_match_stats) : https://www.atptour.com/en/scores/stats-centre/archive/2021/568/ms011
01-12-2024 | 06:47:30 - ERROR - BUG. No match stat (extract_match_stats) : https://www.atptour.com/en/scores/stats-centre/archive/2021/568/ms014
01-12-2024 | 06:48:08 - ERROR - BUG. No match stat (extract_match_stats) : https://www.atptour.com/en/scores/stats-centre/archive/2021/568/ms009
01-12-2024 | 06:48:48 - ERROR - BUG. No match stat (extract_match_stats) : https://www.atptour.com/en/scores/stats-centre/archive/2021/568/ms024
01-12-2024 | 06:49:21 - ERROR - BUG. No match stat (extract_match_stats) : https://www.atptour.com/en/scores/stats-centre/archive/2021/568/ms023
01-12-2024 | 06:49:58 - ERROR - BUG. No match stat (extract_match_stats) : https://www.atptour.com/en/scores/stats-centre/archive/2021/568/ms028
01-12-2024 | 06:50:34 - ERROR - BUG. No match stat (extract_match_stats) : https://www.atptour.com/en/scores/stats-centre/archive/2021/568/ms019
01-12-2024 | 06:51:10 - ERROR - BUG. No match stat (extract_match_stats) : https://www.atptour.com/en/scores/stats-centre/archive/2021/568/ms030
01-12-2024 | 06:51:45 - ERROR - BUG. No match stat (extract_match_stats) : https://www.atptour.com/en/scores/stats-centre/archive/2021/568/ms022
01-12-2024 | 06:52:22 - ERROR - BUG. No match stat (extract_match_stats) : https://www.atptour.com/en/scores/stats-centre/archive/2021/568/ms017
01-12-2024 | 06:52:58 - ERROR - BUG. No match stat (extract_match_stats) : https://www.atptour.com/en/scores/stats-centre/archive/2021/568/ms021
01-12-2024 | 06:53:34 - ERROR - BUG. No match stat (extract_match_stats) : https://www.atptour.com/en/scores/stats-centre/archive/2021/568/ms026
01-12-2024 | 06:54:07 - ERROR - BUG. No match stat (extract_match_stats) : https://www.atptour.com/en/scores/stats-centre/archive/2021/568/ms025
01-12-2024 | 06:54:41 - ERROR - BUG. No match stat (extract_match_stats) : https://www.atptour.com/en/scores/stats-centre/archive/2021/568/ms029
01-12-2024 | 06:55:18 - ERROR - BUG. No match stat (extract_match_stats) : https://www.atptour.com/en/scores/stats-centre/archive/2021/568/ms018
01-12-2024 | 06:55:59 - ERROR - BUG. No match stat (extract_match_stats) : https://www.atptour.com/en/scores/stats-centre/archive/2021/568/qs004
01-12-2024 | 06:56:39 - ERROR - BUG. No match stat (extract_match_stats) : https://www.atptour.com/en/scores/stats-centre/archive/2021/568/qs007
01-12-2024 | 06:57:24 - ERROR - BUG. No match stat (extract_match_stats) : https://www.atptour.com/en/scores/stats-centre/archive/2021/568/qs005
01-12-2024 | 06:58:04 - ERROR - BUG. No match stat (extract_match_stats) : https://www.atptour.com/en/scores/stats-centre/archive/2021/568/qs006
01-12-2024 | 06:58:44 - ERROR - BUG. No match stat (extract_match_stats) : https://www.atptour.com/en/scores/stats-centre/archive/2021/568/qs008
01-12-2024 | 06:59:19 - ERROR - BUG. No match stat (extract_match_stats) : https://www.atptour.com/en/scores/stats-centre/archive/2021/568/qs010
01-12-2024 | 07:00:13 - ERROR - BUG. No match stat (extract_match_stats) : https://www.atptour.com/en/scores/stats-centre/archive/2021/568/qs012
01-12-2024 | 07:02:40 - ERROR - BUG. No match stat (extract_match_stats) : https://www.atptour.com/en/scores/stats-centre/archive/2021/568/qs014
01-12-2024 | 07:03:16 - ERROR - BUG. No match stat (extract_match_stats) : https://www.atptour.com/en/scores/stats-centre/archive/2021/568/qs011
01-12-2024 | 07:03:50 - ERROR - BUG. No match stat (extract_match_stats) : https://www.atptour.com/en/scores/stats-centre/archive/2021/568/qs015
01-12-2024 | 07:04:25 - ERROR - BUG. No match stat (extract_match_stats) : https://www.atptour.com/en/scores/stats-centre/archive/2021/568/qs009
01-12-2024 | 07:04:59 - ERROR - BUG. No match stat (extract_match_stats) : https://www.atptour.com/en/scores/stats-centre/archive/2021/568/qs013
01-12-2024 | 07:05:35 - ERROR - BUG. No match stat (extract_match_stats) : https://www.atptour.com/en/scores/stats-centre/archive/2021/352/ms001
01-12-2024 | 07:06:14 - ERROR - BUG. No match stat (extract_match_stats) : https://www.atptour.com/en/scores/stats-centre/archive/2021/352/ms002
01-12-2024 | 07:06:49 - ERROR - BUG. No match stat (extract_match_stats) : https://www.atptour.com/en/scores/stats-centre/archive/2021/352/ms003
01-12-2024 | 07:07:46 - ERROR - BUG. No match stat (extract_match_stats) : https://www.atptour.com/en/scores/stats-centre/archive/2021/352/ms004
01-12-2024 | 07:08:20 - ERROR - BUG. No match stat (extract_match_stats) : https://www.atptour.com/en/scores/stats-centre/archive/2021/352/ms007
01-12-2024 | 07:08:55 - ERROR - BUG. No match stat (extract_match_stats) : https://www.atptour.com/en/scores/stats-centre/archive/2021/352/ms006
01-12-2024 | 07:09:42 - ERROR - BUG. No match stat (extract_match_stats) : https://www.atptour.com/en/scores/stats-centre/archive/2021/352/ms005
01-12-2024 | 07:10:17 - ERROR - BUG. No match stat (extract_match_stats) : https://www.atptour.com/en/scores/stats-centre/archive/2021/352/ms015
01-12-2024 | 07:10:53 - ERROR - BUG. No match stat (extract_match_stats) : https://www.atptour.com/en/scores/stats-centre/archive/2021/352/ms013
01-12-2024 | 07:11:30 - ERROR - BUG. No match stat (extract_match_stats) : https://www.atptour.com/en/scores/stats-centre/archive/2021/352/ms012
01-12-2024 | 07:12:04 - ERROR - BUG. No match stat (extract_match_stats) : https://www.atptour.com/en/scores/stats-centre/archive/2021/352/ms011
01-12-2024 | 07:12:44 - ERROR - BUG. No match stat (extract_match_stats) : https://www.atptour.com/en/scores/stats-centre/archive/2021/352/ms009
01-12-2024 | 07:13:19 - ERROR - BUG. No match stat (extract_match_stats) : https://www.atptour.com/en/scores/stats-centre/archive/2021/352/ms010
01-12-2024 | 07:14:06 - ERROR - BUG. No match stat (extract_match_stats) : https://www.atptour.com/en/scores/stats-centre/archive/2021/352/ms014
01-12-2024 | 07:14:44 - ERROR - BUG. No match stat (extract_match_stats) : https://www.atptour.com/en/scores/stats-centre/archive/2021/352/ms016
01-12-2024 | 07:15:20 - ERROR - BUG. No match stat (extract_match_stats) : https://www.atptour.com/en/scores/stats-centre/archive/2021/352/ms031
01-12-2024 | 07:15:55 - ERROR - BUG. No match stat (extract_match_stats) : https://www.atptour.com/en/scores/stats-centre/archive/2021/352/ms020
01-12-2024 | 07:16:29 - ERROR - BUG. No match stat (extract_match_stats) : https://www.atptour.com/en/scores/stats-centre/archive/2021/352/ms027
01-12-2024 | 07:17:03 - ERROR - BUG. No match stat (extract_match_stats) : https://www.atptour.com/en/scores/stats-centre/archive/2021/352/ms019
01-12-2024 | 07:17:39 - ERROR - BUG. No match stat (extract_match_stats) : https://www.atptour.com/en/scores/stats-centre/archive/2021/352/ms024
01-12-2024 | 07:18:14 - ERROR - BUG. No match stat (extract_match_stats) : https://www.atptour.com/en/scores/stats-centre/archive/2021/352/ms023
01-12-2024 | 07:18:53 - ERROR - BUG. No match stat (extract_match_stats) : https://www.atptour.com/en/scores/stats-centre/archive/2021/352/ms028
01-12-2024 | 07:19:27 - ERROR - BUG. No match stat (extract_match_stats) : https://www.atptour.com/en/scores/stats-centre/archive/2021/352/ms022
01-12-2024 | 07:20:03 - ERROR - BUG. No match stat (extract_match_stats) : https://www.atptour.com/en/scores/stats-centre/archive/2021/352/ms018
01-12-2024 | 07:20:45 - ERROR - BUG. No match stat (extract_match_stats) : https://www.atptour.com/en/scores/stats-centre/archive/2021/352/ms025
01-12-2024 | 07:21:21 - ERROR - BUG. No match stat (extract_match_stats) : https://www.atptour.com/en/scores/stats-centre/archive/2021/352/ms029
01-12-2024 | 07:22:00 - ERROR - BUG. No match stat (extract_match_stats) : https://www.atptour.com/en/scores/stats-centre/archive/2021/352/ms017
01-12-2024 | 07:22:39 - ERROR - BUG. No match stat (extract_match_stats) : https://www.atptour.com/en/scores/stats-centre/archive/2021/352/ms026
01-12-2024 | 07:23:14 - ERROR - BUG. No match stat (extract_match_stats) : https://www.atptour.com/en/scores/stats-centre/archive/2021/352/ms021
01-12-2024 | 07:23:49 - ERROR - BUG. No match stat (extract_match_stats) : https://www.atptour.com/en/scores/stats-centre/archive/2021/352/ms030
01-12-2024 | 07:24:25 - ERROR - BUG. No match stat (extract_match_stats) : https://www.atptour.com/en/scores/stats-centre/archive/2021/352/ms044
01-12-2024 | 07:25:04 - ERROR - BUG. No match stat (extract_match_stats) : https://www.atptour.com/en/scores/stats-centre/archive/2021/352/ms036
01-12-2024 | 07:25:51 - ERROR - BUG. No match stat (extract_match_stats) : https://www.atptour.com/en/scores/stats-centre/archive/2021/352/ms051
01-12-2024 | 07:26:24 - ERROR - BUG. No match stat (extract_match_stats) : https://www.atptour.com/en/scores/stats-centre/archive/2021/352/ms059
01-12-2024 | 07:26:59 - ERROR - BUG. No match stat (extract_match_stats) : https://www.atptour.com/en/scores/stats-centre/archive/2021/352/ms060
01-12-2024 | 07:27:33 - ERROR - BUG. No match stat (extract_match_stats) : https://www.atptour.com/en/scores/stats-centre/archive/2021/352/ms043
01-12-2024 | 07:28:11 - ERROR - BUG. No match stat (extract_match_stats) : https://www.atptour.com/en/scores/stats-centre/archive/2021/352/ms035
01-12-2024 | 07:28:46 - ERROR - BUG. No match stat (extract_match_stats) : https://www.atptour.com/en/scores/stats-centre/archive/2021/352/ms052
01-12-2024 | 07:29:20 - ERROR - BUG. No match stat (extract_match_stats) : https://www.atptour.com/en/scores/stats-centre/archive/2021/352/ms057
01-12-2024 | 07:29:53 - ERROR - BUG. No match stat (extract_match_stats) : https://www.atptour.com/en/scores/stats-centre/archive/2021/352/ms049
01-12-2024 | 07:30:25 - ERROR - BUG. No match stat (extract_match_stats) : https://www.atptour.com/en/scores/stats-centre/archive/2021/352/ms061
01-12-2024 | 07:30:58 - ERROR - BUG. No match stat (extract_match_stats) : https://www.atptour.com/en/scores/stats-centre/archive/2021/352/ms038
01-12-2024 | 07:31:32 - ERROR - BUG. No match stat (extract_match_stats) : https://www.atptour.com/en/scores/stats-centre/archive/2021/352/ms033
01-12-2024 | 07:32:05 - ERROR - BUG. No match stat (extract_match_stats) : https://www.atptour.com/en/scores/stats-centre/archive/2021/352/ms058
01-12-2024 | 07:32:37 - ERROR - BUG. No match stat (extract_match_stats) : https://www.atptour.com/en/scores/stats-centre/archive/2021/352/ms050
01-12-2024 | 07:33:10 - ERROR - BUG. No match stat (extract_match_stats) : https://www.atptour.com/en/scores/stats-centre/archive/2021/352/ms062
01-12-2024 | 07:33:45 - ERROR - BUG. No match stat (extract_match_stats) : https://www.atptour.com/en/scores/stats-centre/archive/2021/352/ms053
01-12-2024 | 07:34:17 - ERROR - BUG. No match stat (extract_match_stats) : https://www.atptour.com/en/scores/stats-centre/archive/2021/352/ms045
01-12-2024 | 07:34:50 - ERROR - BUG. No match stat (extract_match_stats) : https://www.atptour.com/en/scores/stats-centre/archive/2021/352/ms054
01-12-2024 | 07:35:22 - ERROR - BUG. No match stat (extract_match_stats) : https://www.atptour.com/en/scores/stats-centre/archive/2021/352/ms034
01-12-2024 | 07:35:58 - ERROR - BUG. No match stat (extract_match_stats) : https://www.atptour.com/en/scores/stats-centre/archive/2021/352/ms042
01-12-2024 | 07:36:31 - ERROR - BUG. No match stat (extract_match_stats) : https://www.atptour.com/en/scores/stats-centre/archive/2021/352/ms037
01-12-2024 | 07:37:04 - ERROR - BUG. No match stat (extract_match_stats) : https://www.atptour.com/en/scores/stats-centre/archive/2021/352/ms046
01-12-2024 | 07:37:39 - ERROR - BUG. No match stat (extract_match_stats) : https://www.atptour.com/en/scores/stats-centre/archive/2021/352/ms041
01-12-2024 | 07:38:15 - ERROR - BUG. No match stat (extract_match_stats) : https://www.atptour.com/en/scores/stats-centre/archive/2021/352/qs008
01-12-2024 | 07:39:05 - ERROR - BUG. No match stat (extract_match_stats) : https://www.atptour.com/en/scores/stats-centre/archive/2021/352/qs010
01-12-2024 | 07:39:41 - ERROR - BUG. No match stat (extract_match_stats) : https://www.atptour.com/en/scores/stats-centre/archive/2021/352/qs011
01-12-2024 | 07:40:18 - ERROR - BUG. No match stat (extract_match_stats) : https://www.atptour.com/en/scores/stats-centre/archive/2021/352/qs013
01-12-2024 | 07:40:59 - ERROR - BUG. No match stat (extract_match_stats) : https://www.atptour.com/en/scores/stats-centre/archive/2021/352/qs012
01-12-2024 | 07:41:33 - ERROR - BUG. No match stat (extract_match_stats) : https://www.atptour.com/en/scores/stats-centre/archive/2021/352/qs014
01-12-2024 | 07:42:22 - ERROR - BUG. No match stat (extract_match_stats) : https://www.atptour.com/en/scores/stats-centre/archive/2021/352/qs009
01-12-2024 | 07:42:58 - ERROR - BUG. No match stat (extract_match_stats) : https://www.atptour.com/en/scores/stats-centre/archive/2021/352/qs016
01-12-2024 | 07:43:34 - ERROR - BUG. No match stat (extract_match_stats) : https://www.atptour.com/en/scores/stats-centre/archive/2021/352/qs018
01-12-2024 | 07:44:08 - ERROR - BUG. No match stat (extract_match_stats) : https://www.atptour.com/en/scores/stats-centre/archive/2021/352/qs020
01-12-2024 | 07:44:58 - ERROR - BUG. No match stat (extract_match_stats) : https://www.atptour.com/en/scores/stats-centre/archive/2021/352/qs022
01-12-2024 | 07:45:38 - ERROR - BUG. No match stat (extract_match_stats) : https://www.atptour.com/en/scores/stats-centre/archive/2021/352/qs024
01-12-2024 | 07:46:17 - ERROR - BUG. No match stat (extract_match_stats) : https://www.atptour.com/en/scores/stats-centre/archive/2021/352/qs026
01-12-2024 | 07:46:54 - ERROR - BUG. No match stat (extract_match_stats) : https://www.atptour.com/en/scores/stats-centre/archive/2021/352/qs028
01-12-2024 | 07:47:33 - ERROR - BUG. No match stat (extract_match_stats) : https://www.atptour.com/en/scores/stats-centre/archive/2021/352/qs025
01-12-2024 | 07:48:06 - ERROR - BUG. No match stat (extract_match_stats) : https://www.atptour.com/en/scores/stats-centre/archive/2021/352/qs029
01-12-2024 | 07:48:41 - ERROR - BUG. No match stat (extract_match_stats) : https://www.atptour.com/en/scores/stats-centre/archive/2021/352/qs027
01-12-2024 | 07:49:15 - ERROR - BUG. No match stat (extract_match_stats) : https://www.atptour.com/en/scores/stats-centre/archive/2021/352/qs023
01-12-2024 | 07:49:50 - ERROR - BUG. No match stat (extract_match_stats) : https://www.atptour.com/en/scores/stats-centre/archive/2021/352/qs017
01-12-2024 | 07:50:26 - ERROR - BUG. No match stat (extract_match_stats) : https://www.atptour.com/en/scores/stats-centre/archive/2021/352/qs021
01-12-2024 | 07:51:06 - ERROR - BUG. No match stat (extract_match_stats) : https://www.atptour.com/en/scores/stats-centre/archive/2021/352/qs019
01-12-2024 | 07:51:42 - ERROR - BUG. No match stat (extract_match_stats) : https://www.atptour.com/en/scores/stats-centre/archive/2021/429/ms001
01-12-2024 | 07:52:19 - ERROR - BUG. No match stat (extract_match_stats) : https://www.atptour.com/en/scores/stats-centre/archive/2021/429/ms003
01-12-2024 | 07:52:53 - ERROR - BUG. No match stat (extract_match_stats) : https://www.atptour.com/en/scores/stats-centre/archive/2021/429/ms002
01-12-2024 | 07:53:28 - ERROR - BUG. No match stat (extract_match_stats) : https://www.atptour.com/en/scores/stats-centre/archive/2021/429/ms007
01-12-2024 | 07:54:04 - ERROR - BUG. No match stat (extract_match_stats) : https://www.atptour.com/en/scores/stats-centre/archive/2021/429/ms006
01-12-2024 | 07:54:39 - ERROR - BUG. No match stat (extract_match_stats) : https://www.atptour.com/en/scores/stats-centre/archive/2021/429/ms005
01-12-2024 | 07:55:19 - ERROR - BUG. No match stat (extract_match_stats) : https://www.atptour.com/en/scores/stats-centre/archive/2021/429/ms004
01-12-2024 | 07:55:52 - ERROR - BUG. No match stat (extract_match_stats) : https://www.atptour.com/en/scores/stats-centre/archive/2021/429/ms008
01-12-2024 | 07:56:33 - ERROR - BUG. No match stat (extract_match_stats) : https://www.atptour.com/en/scores/stats-centre/archive/2021/429/ms015
01-12-2024 | 07:57:20 - ERROR - BUG. No match stat (extract_match_stats) : https://www.atptour.com/en/scores/stats-centre/archive/2021/429/ms013
01-12-2024 | 07:58:15 - ERROR - BUG. No match stat (extract_match_stats) : https://www.atptour.com/en/scores/stats-centre/archive/2021/429/ms010
01-12-2024 | 07:58:50 - ERROR - BUG. No match stat (extract_match_stats) : https://www.atptour.com/en/scores/stats-centre/archive/2021/429/ms009
01-12-2024 | 07:59:31 - ERROR - BUG. No match stat (extract_match_stats) : https://www.atptour.com/en/scores/stats-centre/archive/2021/429/ms014
01-12-2024 | 08:00:04 - ERROR - BUG. No match stat (extract_match_stats) : https://www.atptour.com/en/scores/stats-centre/archive/2021/429/ms011
01-12-2024 | 08:00:44 - ERROR - BUG. No match stat (extract_match_stats) : https://www.atptour.com/en/scores/stats-centre/archive/2021/429/ms012
01-12-2024 | 08:01:19 - ERROR - BUG. No match stat (extract_match_stats) : https://www.atptour.com/en/scores/stats-centre/archive/2021/429/ms019
01-12-2024 | 08:02:00 - ERROR - BUG. No match stat (extract_match_stats) : https://www.atptour.com/en/scores/stats-centre/archive/2021/429/ms024
01-12-2024 | 08:02:42 - ERROR - BUG. No match stat (extract_match_stats) : https://www.atptour.com/en/scores/stats-centre/archive/2021/429/ms028
01-12-2024 | 08:03:19 - ERROR - BUG. No match stat (extract_match_stats) : https://www.atptour.com/en/scores/stats-centre/archive/2021/429/ms023
01-12-2024 | 08:03:53 - ERROR - BUG. No match stat (extract_match_stats) : https://www.atptour.com/en/scores/stats-centre/archive/2021/429/ms021
01-12-2024 | 08:04:35 - ERROR - BUG. No match stat (extract_match_stats) : https://www.atptour.com/en/scores/stats-centre/archive/2021/429/ms025
01-12-2024 | 08:05:17 - ERROR - BUG. No match stat (extract_match_stats) : https://www.atptour.com/en/scores/stats-centre/archive/2021/429/ms030
01-12-2024 | 08:05:57 - ERROR - BUG. No match stat (extract_match_stats) : https://www.atptour.com/en/scores/stats-centre/archive/2021/429/ms022
01-12-2024 | 08:06:34 - ERROR - BUG. No match stat (extract_match_stats) : https://www.atptour.com/en/scores/stats-centre/archive/2021/429/ms017
01-12-2024 | 08:07:09 - ERROR - BUG. No match stat (extract_match_stats) : https://www.atptour.com/en/scores/stats-centre/archive/2021/429/ms018
01-12-2024 | 08:07:44 - ERROR - BUG. No match stat (extract_match_stats) : https://www.atptour.com/en/scores/stats-centre/archive/2021/429/ms029
01-12-2024 | 08:08:20 - ERROR - BUG. No match stat (extract_match_stats) : https://www.atptour.com/en/scores/stats-centre/archive/2021/429/ms026
01-12-2024 | 08:08:56 - ERROR - BUG. No match stat (extract_match_stats) : https://www.atptour.com/en/scores/stats-centre/archive/2021/429/qs004
01-12-2024 | 08:09:33 - ERROR - BUG. No match stat (extract_match_stats) : https://www.atptour.com/en/scores/stats-centre/archive/2021/429/qs005
01-12-2024 | 08:10:08 - ERROR - BUG. No match stat (extract_match_stats) : https://www.atptour.com/en/scores/stats-centre/archive/2021/429/qs006
01-12-2024 | 08:10:45 - ERROR - BUG. No match stat (extract_match_stats) : https://www.atptour.com/en/scores/stats-centre/archive/2021/429/qs007
01-12-2024 | 08:11:22 - ERROR - BUG. No match stat (extract_match_stats) : https://www.atptour.com/en/scores/stats-centre/archive/2021/429/qs008
01-12-2024 | 08:11:57 - ERROR - BUG. No match stat (extract_match_stats) : https://www.atptour.com/en/scores/stats-centre/archive/2021/429/qs010
01-12-2024 | 08:12:32 - ERROR - BUG. No match stat (extract_match_stats) : https://www.atptour.com/en/scores/stats-centre/archive/2021/429/qs012
01-12-2024 | 08:13:07 - ERROR - BUG. No match stat (extract_match_stats) : https://www.atptour.com/en/scores/stats-centre/archive/2021/429/qs014
01-12-2024 | 08:13:48 - ERROR - BUG. No match stat (extract_match_stats) : https://www.atptour.com/en/scores/stats-centre/archive/2021/429/qs013
01-12-2024 | 08:14:25 - ERROR - BUG. No match stat (extract_match_stats) : https://www.atptour.com/en/scores/stats-centre/archive/2021/429/qs011
01-12-2024 | 08:15:01 - ERROR - BUG. No match stat (extract_match_stats) : https://www.atptour.com/en/scores/stats-centre/archive/2021/429/qs015
01-12-2024 | 08:15:34 - ERROR - BUG. No match stat (extract_match_stats) : https://www.atptour.com/en/scores/stats-centre/archive/2021/429/qs009
01-12-2024 | 08:16:11 - ERROR - BUG. No match stat (extract_match_stats) : https://www.atptour.com/en/scores/stats-centre/archive/2021/7696/ms001
01-12-2024 | 08:16:45 - ERROR - BUG. No match stat (extract_match_stats) : https://www.atptour.com/en/scores/stats-centre/archive/2021/7696/ms002
01-12-2024 | 08:17:20 - ERROR - BUG. No match stat (extract_match_stats) : https://www.atptour.com/en/scores/stats-centre/archive/2021/7696/ms003
01-12-2024 | 08:18:08 - ERROR - BUG. No match stat (extract_match_stats) : https://www.atptour.com/en/scores/stats-centre/archive/2021/7696/ms016
01-12-2024 | 08:18:56 - ERROR - BUG. No match stat (extract_match_stats) : https://www.atptour.com/en/scores/stats-centre/archive/2021/7696/ms021
01-12-2024 | 08:19:34 - ERROR - BUG. No match stat (extract_match_stats) : https://www.atptour.com/en/scores/stats-centre/archive/2021/7696/ms009
01-12-2024 | 08:20:15 - ERROR - BUG. No match stat (extract_match_stats) : https://www.atptour.com/en/scores/stats-centre/archive/2021/7696/ms012
01-12-2024 | 08:21:05 - ERROR - BUG. No match stat (extract_match_stats) : https://www.atptour.com/en/scores/stats-centre/archive/2021/7696/ms017
01-12-2024 | 08:21:43 - ERROR - BUG. No match stat (extract_match_stats) : https://www.atptour.com/en/scores/stats-centre/archive/2021/7696/ms020
01-12-2024 | 08:22:20 - ERROR - BUG. No match stat (extract_match_stats) : https://www.atptour.com/en/scores/stats-centre/archive/2021/7696/ms008
01-12-2024 | 08:23:00 - ERROR - BUG. No match stat (extract_match_stats) : https://www.atptour.com/en/scores/stats-centre/archive/2021/7696/ms013
01-12-2024 | 08:23:34 - ERROR - BUG. No match stat (extract_match_stats) : https://www.atptour.com/en/scores/stats-centre/archive/2021/7696/ms018
01-12-2024 | 08:24:10 - ERROR - BUG. No match stat (extract_match_stats) : https://www.atptour.com/en/scores/stats-centre/archive/2021/7696/ms019
01-12-2024 | 08:24:51 - ERROR - BUG. No match stat (extract_match_stats) : https://www.atptour.com/en/scores/stats-centre/archive/2021/7696/ms010
01-12-2024 | 08:25:46 - ERROR - BUG. No match stat (extract_match_stats) : https://www.atptour.com/en/scores/stats-centre/archive/2021/7696/ms011
01-12-2024 | 08:26:21 - ERROR - BUG. No match stat (extract_match_stats) : https://www.atptour.com/en/scores/stats-centre/archive/2021/605/ms001
01-12-2024 | 08:26:56 - ERROR - BUG. No match stat (extract_match_stats) : https://www.atptour.com/en/scores/stats-centre/archive/2021/605/ms002
01-12-2024 | 08:27:31 - ERROR - BUG. No match stat (extract_match_stats) : https://www.atptour.com/en/scores/stats-centre/archive/2021/605/ms003
01-12-2024 | 08:28:06 - ERROR - BUG. No match stat (extract_match_stats) : https://www.atptour.com/en/scores/stats-centre/archive/2021/605/ms008
01-12-2024 | 08:28:41 - ERROR - BUG. No match stat (extract_match_stats) : https://www.atptour.com/en/scores/stats-centre/archive/2021/605/ms013
01-12-2024 | 08:29:16 - ERROR - BUG. No match stat (extract_match_stats) : https://www.atptour.com/en/scores/stats-centre/archive/2021/605/ms017
01-12-2024 | 08:29:57 - ERROR - BUG. No match stat (extract_match_stats) : https://www.atptour.com/en/scores/stats-centre/archive/2021/605/ms020
01-12-2024 | 08:30:51 - ERROR - BUG. No match stat (extract_match_stats) : https://www.atptour.com/en/scores/stats-centre/archive/2021/605/ms009
01-12-2024 | 08:31:24 - ERROR - BUG. No match stat (extract_match_stats) : https://www.atptour.com/en/scores/stats-centre/archive/2021/605/ms012
01-12-2024 | 08:32:00 - ERROR - BUG. No match stat (extract_match_stats) : https://www.atptour.com/en/scores/stats-centre/archive/2021/605/ms016
01-12-2024 | 08:32:48 - ERROR - BUG. No match stat (extract_match_stats) : https://www.atptour.com/en/scores/stats-centre/archive/2021/605/ms021
01-12-2024 | 08:33:24 - ERROR - BUG. No match stat (extract_match_stats) : https://www.atptour.com/en/scores/stats-centre/archive/2021/605/ms010
01-12-2024 | 08:34:00 - ERROR - BUG. No match stat (extract_match_stats) : https://www.atptour.com/en/scores/stats-centre/archive/2021/605/ms011
01-12-2024 | 08:34:36 - ERROR - BUG. No match stat (extract_match_stats) : https://www.atptour.com/en/scores/stats-centre/archive/2021/605/ms018
01-12-2024 | 08:35:22 - ERROR - BUG. No match stat (extract_match_stats) : https://www.atptour.com/en/scores/stats-centre/archive/2021/605/ms019
