23-11-2024 | 18:31:44 - DEBUG - Using proactor: IocpProactor
23-11-2024 | 18:32:31 - ERROR - BUG. No match stat : https://www.atptour.com/en/scores/stats-centre/archive/2024/9900/ms011
23-11-2024 | 18:33:04 - ERROR - BUG. No match stat : https://www.atptour.com/en/scores/stats-centre/archive/2024/9900/ms021
23-11-2024 | 18:33:37 - ERROR - BUG. No match stat : https://www.atptour.com/en/scores/stats-centre/archive/2024/9900/ms031
23-11-2024 | 18:33:57 - ERROR - Accept cookies button doesn't exist : Page.wait_for_selector: Timeout 20000ms exceeded.
Call log:
waiting for locator("//a[@class=\"atp_button atp_button--invert atp_button--continue\"]") to be visible

23-11-2024 | 18:34:27 - ERROR - BUG. No match stat : https://www.atptour.com/en/scores/stats-centre/archive/2024/9900/ms071
23-11-2024 | 18:34:48 - ERROR - Accept cookies button doesn't exist : Page.wait_for_selector: Timeout 20000ms exceeded.
Call log:
waiting for locator("//a[@class=\"atp_button atp_button--invert atp_button--continue\"]") to be visible

23-11-2024 | 18:35:18 - ERROR - BUG. No match stat : https://www.atptour.com/en/scores/stats-centre/archive/2024/9900/ms051
23-11-2024 | 18:35:41 - ERROR - Accept cookies button doesn't exist : Page.wait_for_selector: Timeout 20000ms exceeded.
Call log:
waiting for locator("//a[@class=\"atp_button atp_button--invert atp_button--continue\"]") to be visible

23-11-2024 | 18:36:11 - ERROR - BUG. No match stat : https://www.atptour.com/en/scores/stats-centre/archive/2024/9900/ms041
23-11-2024 | 18:36:32 - ERROR - Accept cookies button doesn't exist : Page.wait_for_selector: Timeout 20000ms exceeded.
Call log:
waiting for locator("//a[@class=\"atp_button atp_button--invert atp_button--continue\"]") to be visible

23-11-2024 | 18:37:02 - ERROR - BUG. No match stat : https://www.atptour.com/en/scores/stats-centre/archive/2024/9900/ms061
23-11-2024 | 18:37:23 - ERROR - Accept cookies button doesn't exist : Page.wait_for_selector: Timeout 20000ms exceeded.
Call log:
waiting for locator("//a[@class=\"atp_button atp_button--invert atp_button--continue\"]") to be visible

23-11-2024 | 18:37:53 - ERROR - BUG. No match stat : https://www.atptour.com/en/scores/stats-centre/archive/2024/9900/ms211
23-11-2024 | 18:38:13 - ERROR - Accept cookies button doesn't exist : Page.wait_for_selector: Timeout 20000ms exceeded.
Call log:
waiting for locator("//a[@class=\"atp_button atp_button--invert atp_button--continue\"]") to be visible

23-11-2024 | 18:38:21 - ERROR - BUG. No match stat : https://www.atptour.com/en/scores/stats-centre/archive/2024/9900/ms411
